<?xml version="1.0" encoding="UTF-8"?>
<!-- Generated by org.testng.reporters.JUnitXMLReporter -->
<testsuite hostname="ip-172-31-27-234" ignored="1" name="RegExpressions" tests="2" failures="0" timestamp="2020-06-07T16:12:07 UTC" time="0.053" errors="0">
  <testcase name="testWindowsOnly" time="0.012" classname="com.regExp.RegExpressions"/>
  <testcase name="testWindowsToo" time="0.001" classname="com.regExp.RegExpressions"/>
  <testcase name="testLinuxOnly" time="0.0" classname="com.regExp.RegExpressions">
    <ignored/>
  </testcase> <!-- testLinuxOnly -->
</testsuite> <!-- RegExpressions -->
