<?xml version="1.0" encoding="UTF-8"?>
<!-- Generated by org.testng.reporters.JUnitXMLReporter -->
<testsuite hostname="ip-172-31-27-234" ignored="2" name="Regression" tests="2" failures="0" timestamp="2020-06-07T15:26:11 UTC" time="0.053" errors="0">
  <testcase name="EmptyPasswordLogin" time="0.01" classname="com.grouping.Grouping"/>
  <testcase name="ValidLogin" time="0.002" classname="com.grouping.Grouping"/>
  <testcase name="InValidLogin" time="0.0" classname="com.grouping.Grouping">
    <ignored/>
  </testcase> <!-- InValidLogin -->
  <testcase name="FundTransfer" time="0.0" classname="com.grouping.Grouping">
    <ignored/>
  </testcase> <!-- FundTransfer -->
</testsuite> <!-- Regression -->
