<?xml version="1.0" encoding="UTF-8"?>
<!-- Generated by org.testng.reporters.JUnitXMLReporter -->
<testsuite hostname="ip-172-31-27-234" ignored="0" name="Smoke" tests="9" failures="0" timestamp="2020-06-06T17:56:14 UTC" time="0.129" errors="0">
  <testcase name="AccountEnquiry" time="0.016" classname="com.Annotations.TestAnnotations"/>
  <testcase name="FundTransfer" time="0.003" classname="com.Annotations.TestAnnotations"/>
  <testcase name="Login" time="0.003" classname="com.Annotations.TestAnnotations"/>
  <testcase name="Login" time="0.002" classname="com.Annotations.TestAnnotations2"/>
  <testcase name="AccountEnquiry" time="0.003" classname="com.Annotations.TestAnnotations2"/>
  <testcase name="FundTransfer" time="0.003" classname="com.Annotations.TestAnnotations2"/>
  <testcase name="Login" time="0.003" classname="com.Annotations.TestAnnotations3"/>
  <testcase name="AccountEnquiry" time="0.003" classname="com.Annotations.TestAnnotations3"/>
  <testcase name="FundTransfer" time="0.002" classname="com.Annotations.TestAnnotations3"/>
</testsuite> <!-- Smoke -->
