<?xml version="1.0" encoding="UTF-8"?>
<!-- Generated by org.testng.reporters.JUnitXMLReporter -->
<testsuite hostname="ip-172-31-27-234" ignored="0" name="Test" tests="3" failures="0" timestamp="2020-06-06T17:52:11 UTC" time="0.067" errors="0">
  <testcase name="AccountEnquiry" time="0.012" classname="com.Annotations.TestAnnotations"/>
  <testcase name="FundTransfer" time="0.001" classname="com.Annotations.TestAnnotations"/>
  <testcase name="Login" time="0.001" classname="com.Annotations.TestAnnotations"/>
</testsuite> <!-- Test -->
