<?xml version="1.0" encoding="UTF-8"?>
<testng-results skipped="0" failed="0" ignored="0" total="1" passed="1">
  <reporter-output>
  </reporter-output>
  <suite name="Default suite" duration-ms="6789" started-at="2020-06-07T16:45:59 UTC" finished-at="2020-06-07T16:46:06 UTC">
    <groups>
    </groups>
    <test name="Default test" duration-ms="6789" started-at="2020-06-07T16:45:59 UTC" finished-at="2020-06-07T16:46:06 UTC">
      <class name="com.LaunchBrowser.LaunchBrowser">
        <test-method status="PASS" signature="LaunchBrowseer()[pri:0, instance:com.LaunchBrowser.LaunchBrowser@6536e911]" name="LaunchBrowseer" duration-ms="6752" started-at="2020-06-07T16:45:59 UTC" finished-at="2020-06-07T16:46:06 UTC">
          <reporter-output>
          </reporter-output>
        </test-method> <!-- LaunchBrowseer -->
      </class> <!-- com.LaunchBrowser.LaunchBrowser -->
    </test> <!-- Default test -->
  </suite> <!-- Default suite -->
</testng-results>
